
====日志开始====
日志时间：2016-12-03 14:23:19,086 [10] 
日志级别：INFO  
日 志 类：log4net.LogManager [(null)] 
{"Action":"login","RequestData":"{\"UserName\":\"admin\",\"Password\":\"123456\"}","Context":"login"} 

====日志开始====
日志时间：2016-12-03 18:38:58,720 [11] 
日志级别：INFO  
日 志 类：log4net.LogManager [(null)] 
{"Action":"login","RequestData":"{\"UserName\":\"\",\"Password\":\"\"}","Context":"login"} 

====日志开始====
日志时间：2016-12-03 18:45:25,037 [7] 
日志级别：INFO  
日 志 类：log4net.LogManager [(null)] 
{"Action":"login","RequestData":"{\"UserName\":\"\",\"Password\":\"\"}","Context":"login"} 

====日志开始====
日志时间：2016-12-03 18:47:38,939 [6] 
日志级别：INFO  
日 志 类：log4net.LogManager [(null)] 
{"Action":"login","RequestData":"{\"UserName\":\"\",\"Password\":\"\"}","Context":"login"} 

====日志开始====
日志时间：2016-12-03 18:54:32,465 [6] 
日志级别：INFO  
日 志 类：log4net.LogManager [(null)] 
{"Action":"login","RequestData":"{\"UserName\":\"\",\"Password\":\"\"}","Context":"login"} 

====日志开始====
日志时间：2016-12-03 18:55:09,349 [6] 
日志级别：INFO  
日 志 类：log4net.LogManager [(null)] 
{"Action":"login","RequestData":"{\"UserName\":\"\",\"Password\":\"\"}","Context":"login"} 

====日志开始====
日志时间：2016-12-03 19:07:54,841 [6] 
日志级别：INFO  
日 志 类：log4net.LogManager [(null)] 
{"Action":"login","RequestData":"{\"UserName\":\"\",\"Password\":\"\"}","Context":"login"} 

====日志开始====
日志时间：2016-12-03 20:20:48,702 [13] 
日志级别：INFO  
日 志 类：log4net.LogManager [(null)] 
{"Action":"login","RequestData":"{\"userName\":\"admin\",\"password\":\"123456\"}","Context":"login"} 

====日志开始====
日志时间：2016-12-03 20:24:14,659 [7] 
日志级别：INFO  
日 志 类：log4net.LogManager [(null)] 
{"Action":"login","RequestData":"{\"userName\":\"admin\",\"password\":\"123456\"}","Context":"login"} 

====日志开始====
日志时间：2016-12-03 20:24:44,434 [12] 
日志级别：INFO  
日 志 类：log4net.LogManager [(null)] 
{"Action":"login","RequestData":"{\"userName\":\"admin\",\"password\":\"123456\"}","Context":"login"} 

====日志开始====
日志时间：2016-12-03 20:27:23,435 [12] 
日志级别：INFO  
日 志 类：log4net.LogManager [(null)] 
{"Action":"login","RequestData":"{\"userName\":\"admin\",\"password\":\"123456\"}","Context":"login"} 

====日志开始====
日志时间：2016-12-03 20:28:53,375 [7] 
日志级别：INFO  
日 志 类：log4net.LogManager [(null)] 
{"Action":"login","RequestData":"{\"userName\":\"admin\",\"password\":\"123456\"}","Context":"login"} 

====日志开始====
日志时间：2016-12-03 20:29:44,991 [13] 
日志级别：INFO  
日 志 类：log4net.LogManager [(null)] 
{"Action":"login","RequestData":"{\"userName\":\"admin\",\"password\":\"123456\"}","Context":"login"} 

====日志开始====
日志时间：2016-12-03 20:30:35,722 [6] 
日志级别：INFO  
日 志 类：log4net.LogManager [(null)] 
{"Action":"login","RequestData":"{\"userName\":\"admin\",\"password\":\"123456\"}","Context":"login"} 

====日志开始====
日志时间：2016-12-03 21:11:40,440 [6] 
日志级别：INFO  
日 志 类：log4net.LogManager [(null)] 
{"Action":"login","RequestData":"{\"userName\":\"admin\",\"password\":\"123456\"}","Context":"login"} 

====日志开始====
日志时间：2016-12-03 21:12:31,213 [6] 
日志级别：INFO  
日 志 类：log4net.LogManager [(null)] 
{"Action":"login","RequestData":"{\"userName\":\"admin\",\"password\":\"123456\"}","Context":"login"} 

====日志开始====
日志时间：2016-12-03 21:13:47,731 [12] 
日志级别：INFO  
日 志 类：log4net.LogManager [(null)] 
{"Action":"login","RequestData":"{\"userName\":\"admin\",\"password\":\"123456\"}","Context":"login"} 

====日志开始====
日志时间：2016-12-03 21:14:51,796 [12] 
日志级别：INFO  
日 志 类：log4net.LogManager [(null)] 
{"Action":"login","RequestData":"{\"userName\":\"admin\",\"password\":\"123456\"}","Context":"login"} 

====日志开始====
日志时间：2016-12-03 21:17:16,940 [7] 
日志级别：INFO  
日 志 类：log4net.LogManager [(null)] 
{"Action":"login","RequestData":"{\"userName\":\"admin\",\"password\":\"123456\"}","Context":"login"} 

====日志开始====
日志时间：2016-12-03 21:18:00,566 [6] 
日志级别：INFO  
日 志 类：log4net.LogManager [(null)] 
{"Action":"login","RequestData":"{\"userName\":\"admin\",\"password\":\"123456\"}","Context":"login"} 

====日志开始====
日志时间：2016-12-03 21:23:44,589 [10] 
日志级别：INFO  
日 志 类：log4net.LogManager [(null)] 
{"Action":"login","RequestData":"{\"userName\":\"admin\",\"password\":\"123456\"}","Context":"login"} 

====日志开始====
日志时间：2016-12-03 21:26:46,960 [12] 
日志级别：INFO  
日 志 类：log4net.LogManager [(null)] 
{"Action":"login","RequestData":"{\"userName\":\"admin\",\"password\":\"123456\"}","Context":"login"} 

====日志开始====
日志时间：2016-12-03 21:30:04,109 [16] 
日志级别：INFO  
日 志 类：log4net.LogManager [(null)] 
{"Action":"login","RequestData":"{\"userName\":\"admin\",\"password\":\"123456\"}","Context":"login"} 

====日志开始====
日志时间：2016-12-03 21:31:11,166 [10] 
日志级别：INFO  
日 志 类：log4net.LogManager [(null)] 
{"Action":"login","RequestData":"{\"userName\":\"admin\",\"password\":\"123456\"}","Context":"login"} 

====日志开始====
日志时间：2016-12-03 21:31:39,313 [7] 
日志级别：INFO  
日 志 类：log4net.LogManager [(null)] 
{"Action":"login","RequestData":"{\"userName\":\"admin\",\"password\":\"123456\"}","Context":"login"} 

====日志开始====
日志时间：2016-12-03 21:33:00,219 [9] 
日志级别：INFO  
日 志 类：log4net.LogManager [(null)] 
{"Action":"login","RequestData":"{\"userName\":\"admin\",\"password\":\"123456\"}","Context":"login"} 

====日志开始====
日志时间：2016-12-03 21:33:26,850 [16] 
日志级别：INFO  
日 志 类：log4net.LogManager [(null)] 
{"Action":"login","RequestData":"{\"userName\":\"admin\",\"password\":\"123456\"}","Context":"login"} 

====日志开始====
日志时间：2016-12-03 21:36:41,312 [10] 
日志级别：INFO  
日 志 类：log4net.LogManager [(null)] 
{"Action":"login","RequestData":"{\"userName\":\"admin\",\"password\":\"123456\"}","Context":"login"} 

====日志开始====
日志时间：2016-12-03 21:57:22,873 [13] 
日志级别：INFO  
日 志 类：log4net.LogManager [(null)] 
{"Action":"login","RequestData":"{\"userName\":\"admin\",\"password\":\"123456\"}","Context":"login"} 

====日志开始====
日志时间：2016-12-03 22:03:05,752 [12] 
日志级别：INFO  
日 志 类：log4net.LogManager [(null)] 
{"Action":"login","RequestData":"{\"userName\":\"admin\",\"password\":\"123456\"}","Context":"login"} 

====日志开始====
日志时间：2016-12-03 22:08:13,244 [6] 
日志级别：INFO  
日 志 类：log4net.LogManager [(null)] 
{"Action":"login","RequestData":"{\"userName\":\"admin\",\"password\":\"123456\"}","Context":"login"} 

====日志开始====
日志时间：2016-12-03 22:09:08,494 [7] 
日志级别：INFO  
日 志 类：log4net.LogManager [(null)] 
{"Action":"login","RequestData":"{\"userName\":\"admin\",\"password\":\"123456\"}","Context":"login"} 

====日志开始====
日志时间：2016-12-03 22:09:50,350 [7] 
日志级别：INFO  
日 志 类：log4net.LogManager [(null)] 
{"Action":"login","RequestData":"{\"userName\":\"admin\",\"password\":\"123456\"}","Context":"login"} 

====日志开始====
日志时间：2016-12-03 22:10:27,284 [13] 
日志级别：INFO  
日 志 类：log4net.LogManager [(null)] 
{"Action":"login","RequestData":"{\"userName\":\"admin\",\"password\":\"123456\"}","Context":"login"} 

====日志开始====
日志时间：2016-12-03 22:11:40,730 [13] 
日志级别：INFO  
日 志 类：log4net.LogManager [(null)] 
{"Action":"login","RequestData":"{\"userName\":\"admin\",\"password\":\"123456\"}","Context":"login"} 

====日志开始====
日志时间：2016-12-03 22:14:44,884 [13] 
日志级别：INFO  
日 志 类：log4net.LogManager [(null)] 
{"Action":"login","RequestData":"{\"userName\":\"admin\",\"password\":\"123456\"}","Context":"login"} 

====日志开始====
日志时间：2016-12-03 22:15:54,657 [6] 
日志级别：INFO  
日 志 类：log4net.LogManager [(null)] 
{"Action":"login","RequestData":"{\"userName\":\"admin\",\"password\":\"123456\"}","Context":"login"} 

====日志开始====
日志时间：2016-12-03 22:19:13,802 [6] 
日志级别：INFO  
日 志 类：log4net.LogManager [(null)] 
{"Action":"login","RequestData":"{\"userName\":\"admin\",\"password\":\"123456\"}","Context":"login"} 

====日志开始====
日志时间：2016-12-03 22:20:03,912 [8] 
日志级别：INFO  
日 志 类：log4net.LogManager [(null)] 
{"Action":"login","RequestData":"{\"userName\":\"admin\",\"password\":\"123456\"}","Context":"login"} 

====日志开始====
日志时间：2016-12-03 22:35:02,905 [13] 
日志级别：INFO  
日 志 类：log4net.LogManager [(null)] 
{"Action":"login","RequestData":"{\"userName\":\"admin\",\"password\":\"123456\"}","Context":"login"} 

====日志开始====
日志时间：2016-12-03 22:36:44,614 [10] 
日志级别：INFO  
日 志 类：log4net.LogManager [(null)] 
{"Action":"login","RequestData":"{\"userName\":\"admin\",\"password\":\"123456\"}","Context":"login"} 

====日志开始====
日志时间：2016-12-03 22:37:18,493 [7] 
日志级别：INFO  
日 志 类：log4net.LogManager [(null)] 
{"Action":"login","RequestData":"{\"userName\":\"admin\",\"password\":\"123456\"}","Context":"login"} 
