
====日志开始====
日志时间：2017-01-07 16:09:53,591 [13] 
日志级别：INFO  
日 志 类：log4net.LogManager [(null)] 
{"Action":"login","RequestData":"{\"username\":\"admi\",\"type\":\"dlm\"}","Context":"login"} 

====日志开始====
日志时间：2017-01-07 16:28:03,518 [11] 
日志级别：INFO  
日 志 类：log4net.LogManager [(null)] 
{"Action":"login","RequestData":"{\"userName\":\"15681306198\",\"password\":\"5840413\"}","Context":"login"} 

====日志开始====
日志时间：2017-01-07 16:29:33,005 [13] 
日志级别：INFO  
日 志 类：log4net.LogManager [(null)] 
{"Action":"login","RequestData":"{\"userName\":\"15681306198\",\"password\":\"5840413\"}","Context":"login"} 

====日志开始====
日志时间：2017-01-07 16:33:55,799 [12] 
日志级别：INFO  
日 志 类：log4net.LogManager [(null)] 
{"Action":"login","RequestData":"{\"userName\":\"15681306198\",\"password\":\"5840413\"}","Context":"login"} 

====日志开始====
日志时间：2017-01-07 17:11:44,738 [23] 
日志级别：INFO  
日 志 类：log4net.LogManager [(null)] 
{"Action":"login","RequestData":"{\"userName\":\"18580097467\",\"password\":\"123\"}","Context":"login"} 
